Using pre-set license
Built from '2022.3/release' branch; Version is '2022.3.18f1 (d29bea25151d) revision 13802474'; Using compiler version '192829333'; Build Type 'Release'
OS: 'Windows 11  (10.0.22621) 64bit Core' Language: 'en' Physical Memory: 7541 MB
BatchMode: 1, IsHumanControllingUs: 0, StartBugReporterOnCrash: 0, Is64bit: 1, IsPro: 1

COMMAND LINE ARGUMENTS:
C:\Program Files\Unity\Hub\Editor\2022.3.18f1\Editor\Unity.exe
-adb2
-batchMode
-noUpm
-name
AssetImportWorker0
-projectPath
C:/Users/david/Documents/csc450-sp24-project-team-9/Instrumon
-logFile
Logs/AssetImportWorker0.log
-srvPort
54662
Successfully changed project path to: C:/Users/david/Documents/csc450-sp24-project-team-9/Instrumon
C:/Users/david/Documents/csc450-sp24-project-team-9/Instrumon
[UnityMemory] Configuration Parameters - Can be set up in boot.config
    "memorysetup-bucket-allocator-granularity=16"
    "memorysetup-bucket-allocator-bucket-count=8"
    "memorysetup-bucket-allocator-block-size=33554432"
    "memorysetup-bucket-allocator-block-count=8"
    "memorysetup-main-allocator-block-size=16777216"
    "memorysetup-thread-allocator-block-size=16777216"
    "memorysetup-gfx-main-allocator-block-size=16777216"
    "memorysetup-gfx-thread-allocator-block-size=16777216"
    "memorysetup-cache-allocator-block-size=4194304"
    "memorysetup-typetree-allocator-block-size=2097152"
    "memorysetup-profiler-bucket-allocator-granularity=16"
    "memorysetup-profiler-bucket-allocator-bucket-count=8"
    "memorysetup-profiler-bucket-allocator-block-size=33554432"
    "memorysetup-profiler-bucket-allocator-block-count=8"
    "memorysetup-profiler-allocator-block-size=16777216"
    "memorysetup-profiler-editor-allocator-block-size=1048576"
    "memorysetup-temp-allocator-size-main=16777216"
    "memorysetup-job-temp-allocator-block-size=2097152"
    "memorysetup-job-temp-allocator-block-size-background=1048576"
    "memorysetup-job-temp-allocator-reduction-small-platforms=262144"
    "memorysetup-allocator-temp-initial-block-size-main=262144"
    "memorysetup-allocator-temp-initial-block-size-worker=262144"
    "memorysetup-temp-allocator-size-background-worker=32768"
    "memorysetup-temp-allocator-size-job-worker=262144"
    "memorysetup-temp-allocator-size-preload-manager=33554432"
    "memorysetup-temp-allocator-size-nav-mesh-worker=65536"
    "memorysetup-temp-allocator-size-audio-worker=65536"
    "memorysetup-temp-allocator-size-cloud-worker=32768"
    "memorysetup-temp-allocator-size-gi-baking-worker=262144"
    "memorysetup-temp-allocator-size-gfx=262144"
Player connection [27868] Host "[IP] 172.20.3.134 [Port] 0 [Flags] 2 [Guid] 3746522849 [EditorId] 3746522849 [Version] 1048832 [Id] WindowsEditor(7,LAPTOP-TKNRD93N) [Debug] 1 [PackageName] WindowsEditor [ProjectName] Editor" joined multi-casting on [225.0.0.222:54997]...

Player connection [27868] Host "[IP] 172.20.3.134 [Port] 0 [Flags] 2 [Guid] 3746522849 [EditorId] 3746522849 [Version] 1048832 [Id] WindowsEditor(7,LAPTOP-TKNRD93N) [Debug] 1 [PackageName] WindowsEditor [ProjectName] Editor" joined alternative multi-casting on [225.0.0.222:34997]...

[Physics::Module] Initialized MultithreadedJobDispatcher with 5 workers.
Refreshing native plugins compatible for Editor in 60.03 ms, found 4 plugins.
Preloading 0 native plugins for Editor in 0.00 ms.
Initialize engine version: 2022.3.18f1 (d29bea25151d)
[Subsystems] Discovering subsystems at path C:/Program Files/Unity/Hub/Editor/2022.3.18f1/Editor/Data/Resources/UnitySubsystems
[Subsystems] Discovering subsystems at path C:/Users/david/Documents/csc450-sp24-project-team-9/Instrumon/Assets
GfxDevice: creating device client; threaded=0; jobified=0
Direct3D:
    Version:  Direct3D 11.0 [level 11.1]
    Renderer: AMD Radeon(TM) Graphics (ID=0x1636)
    Vendor:   ATI
    VRAM:     3770 MB
    Driver:   30.0.14046.0
Initialize mono
Mono path[0] = 'C:/Program Files/Unity/Hub/Editor/2022.3.18f1/Editor/Data/Managed'
Mono path[1] = 'C:/Program Files/Unity/Hub/Editor/2022.3.18f1/Editor/Data/MonoBleedingEdge/lib/mono/unityjit-win32'
Mono config path = 'C:/Program Files/Unity/Hub/Editor/2022.3.18f1/Editor/Data/MonoBleedingEdge/etc'
Using monoOptions --debugger-agent=transport=dt_socket,embedding=1,server=y,suspend=n,address=127.0.0.1:56824
Begin MonoManager ReloadAssembly
Registering precompiled unity dll's ...
Register platform support module: C:/Program Files/Unity/Hub/Editor/2022.3.18f1/Editor/Data/PlaybackEngines/WindowsStandaloneSupport/UnityEditor.WindowsStandalone.Extensions.dll
Registered in 0.013780 seconds.
- Loaded All Assemblies, in  0.629 seconds
Native extension for WindowsStandalone target not found
Mono: successfully reloaded assembly
- Finished resetting the current domain, in  0.753 seconds
Domain Reload Profiling: 1380ms
	BeginReloadAssembly (241ms)
		ExecutionOrderSort (0ms)
		DisableScriptedObjects (0ms)
		BackupInstance (0ms)
		ReleaseScriptingObjects (0ms)
		CreateAndSetChildDomain (2ms)
	RebuildCommonClasses (52ms)
	RebuildNativeTypeToScriptingClass (13ms)
	initialDomainReloadingComplete (103ms)
	LoadAllAssembliesAndSetupDomain (218ms)
		LoadAssemblies (234ms)
		RebuildTransferFunctionScriptingTraits (0ms)
		AnalyzeDomain (214ms)
			TypeCache.Refresh (211ms)
				TypeCache.ScanAssembly (188ms)
			ScanForSourceGeneratedMonoScriptInfo (1ms)
			ResolveRequiredComponents (1ms)
	FinalizeReload (754ms)
		ReleaseScriptCaches (0ms)
		RebuildScriptCaches (0ms)
		SetupLoadedEditorAssemblies (643ms)
			LogAssemblyErrors (0ms)
			InitializePlatformSupportModulesInManaged (14ms)
			SetLoadedEditorAssemblies (14ms)
			RefreshPlugins (0ms)
			BeforeProcessingInitializeOnLoad (4ms)
			ProcessInitializeOnLoadAttributes (484ms)
			ProcessInitializeOnLoadMethodAttributes (126ms)
			AfterProcessingInitializeOnLoad (0ms)
			EditorAssembliesLoaded (0ms)
		ExecutionOrderSort2 (0ms)
		AwakeInstancesAfterBackupRestoration (0ms)
========================================================================
Worker process is ready to serve import requests
Begin MonoManager ReloadAssembly
- Loaded All Assemblies, in  1.610 seconds
Refreshing native plugins compatible for Editor in 10.66 ms, found 4 plugins.
Native extension for WindowsStandalone target not found
Package Manager log level set to [2]
[Package Manager] Server::EnsureServerProcessIsRunning -- launch failed, reason: Unity was launched with the -noUpm command-line argument
[Package Manager] UpmClient::Send -- Unable to send message (not connected to UPM process).
[Package Manager] Cannot connect to Unity Package Manager local server
Mono: successfully reloaded assembly
- Finished resetting the current domain, in  1.119 seconds
Domain Reload Profiling: 2725ms
	BeginReloadAssembly (286ms)
		ExecutionOrderSort (0ms)
		DisableScriptedObjects (19ms)
		BackupInstance (0ms)
		ReleaseScriptingObjects (1ms)
		CreateAndSetChildDomain (42ms)
	RebuildCommonClasses (56ms)
	RebuildNativeTypeToScriptingClass (18ms)
	initialDomainReloadingComplete (69ms)
	LoadAllAssembliesAndSetupDomain (1176ms)
		LoadAssemblies (772ms)
		RebuildTransferFunctionScriptingTraits (0ms)
		AnalyzeDomain (552ms)
			TypeCache.Refresh (492ms)
				TypeCache.ScanAssembly (463ms)
			ScanForSourceGeneratedMonoScriptInfo (43ms)
			ResolveRequiredComponents (14ms)
	FinalizeReload (1120ms)
		ReleaseScriptCaches (0ms)
		RebuildScriptCaches (0ms)
		SetupLoadedEditorAssemblies (846ms)
			LogAssemblyErrors (0ms)
			InitializePlatformSupportModulesInManaged (8ms)
			SetLoadedEditorAssemblies (9ms)
			RefreshPlugins (0ms)
			BeforeProcessingInitializeOnLoad (136ms)
			ProcessInitializeOnLoadAttributes (553ms)
			ProcessInitializeOnLoadMethodAttributes (131ms)
			AfterProcessingInitializeOnLoad (9ms)
			EditorAssembliesLoaded (0ms)
		ExecutionOrderSort2 (0ms)
		AwakeInstancesAfterBackupRestoration (9ms)
Launched and connected shader compiler UnityShaderCompiler.exe after 0.07 seconds
Refreshing native plugins compatible for Editor in 11.90 ms, found 4 plugins.
Preloading 0 native plugins for Editor in 0.00 ms.
Unloading 5656 Unused Serialized files (Serialized files now loaded: 0)
Unloading 85 unused Assets / (351.0 KB). Loaded Objects now: 6115.
Memory consumption went from 221.1 MB to 220.8 MB.
Total: 8.859800 ms (FindLiveObjects: 0.691600 ms CreateObjectMapping: 0.428400 ms MarkObjects: 7.118300 ms  DeleteObjects: 0.619400 ms)

AssetImportParameters requested are different than current active one (requested -> active):
  custom:container-demuxer-ogg: 62fdf1f143b41e24485cea50d1cbac27 -> 
  custom:video-codec-MediaFoundation-h265: 746d11721c4dcdbdad8f713fa42b33f4 -> 
  custom:video-decoder-ogg-theora: a1e56fd34408186e4bbccfd4996cb3dc -> 
  custom:framework-win-MediaFoundation: 216162199b28c13a410421893ffa2e32 -> 
  custom:CustomObjectIndexerAttribute: 62b5816608c3102f162a1797e29626cf -> 
  custom:container-demuxer-webm: 4f35f7cbe854078d1ac9338744f61a02 -> 
  custom:container-muxer-webm: aa71ff27fc2769a1b78a27578f13a17b -> 
  custom:video-decoder-webm-vp8: 9c59270c3fd7afecdb556c50c9e8de78 -> 
  custom:SearchIndexIgnoredProperties: e643bd26f0fe6173181afceb89e7c659 -> 
  custom:AudioImporter_EditorPlatform: d09bf68614088b80899f8185d706f6e7 -> 
  custom:video-encoder-webm-vp8: eb34c28f22e8b96e1ab97ce403110664 -> 
  custom:audio-decoder-ogg-vorbis: bf7c407c2cedff20999df2af8eb42d56 -> 
  custom:audio-encoder-webm-vorbis: bf7c407c2cedff20999df2af8eb42d56 -> 
========================================================================
Received Import Request.
  Time since last request: 92423.355710 seconds.
  path: Assets/Settings/Lit2DSceneTemplate.scenetemplate
  artifactKey: Guid(d03ed43fc9d8a4f2e9fa70c1c7916eb9) Importer(815301076,1909f56bfc062723c751e8b465ee728b)
Start importing Assets/Settings/Lit2DSceneTemplate.scenetemplate using Guid(d03ed43fc9d8a4f2e9fa70c1c7916eb9) Importer(815301076,1909f56bfc062723c751e8b465ee728b)  -> (artifact id: 'a1d24079ab577f2284a0ef0a0b9ce269') in 1.667379 seconds
Number of updated asset objects reloaded before import = 0
Number of asset objects unloaded after import = 5
========================================================================
Received Import Request.
  Time since last request: 5.081078 seconds.
  path: Assets
  artifactKey: Guid(00000000000000001000000000000000) Importer(815301076,1909f56bfc062723c751e8b465ee728b)
Start importing Assets using Guid(00000000000000001000000000000000) Importer(815301076,1909f56bfc062723c751e8b465ee728b)  -> (artifact id: '8a4fe85251aa2e89732c359432baa2c3') in 0.001553 seconds
Number of updated asset objects reloaded before import = 0
Number of asset objects unloaded after import = 0
========================================================================
Received Import Request.
  Time since last request: 13.359109 seconds.
  path: Assets/Art
  artifactKey: Guid(78b6035123b155b4b8fa184fd796405a) Importer(815301076,1909f56bfc062723c751e8b465ee728b)
Start importing Assets/Art using Guid(78b6035123b155b4b8fa184fd796405a) Importer(815301076,1909f56bfc062723c751e8b465ee728b)  -> (artifact id: 'a37fb547146a52e2c121b5d9ab35f8ba') in 0.000827 seconds
Number of updated asset objects reloaded before import = 0
Number of asset objects unloaded after import = 0
========================================================================
Received Import Request.
  Time since last request: 67.543235 seconds.
  path: Assets/Art/bg_bluesky.png
  artifactKey: Guid(b785427507b9b704288dd2bc38e1e7ec) Importer(815301076,1909f56bfc062723c751e8b465ee728b)
Start importing Assets/Art/bg_bluesky.png using Guid(b785427507b9b704288dd2bc38e1e7ec) Importer(815301076,1909f56bfc062723c751e8b465ee728b)  -> (artifact id: '511edddff2ed1193abf497a7bd03d47a') in 0.129408 seconds
Number of updated asset objects reloaded before import = 0
Number of asset objects unloaded after import = 3
========================================================================
Received Import Request.
  Time since last request: 0.000044 seconds.
  path: Assets/Art/bg_cloud2.png
  artifactKey: Guid(5f965db868259e241ac305dc94fe82f3) Importer(815301076,1909f56bfc062723c751e8b465ee728b)
Start importing Assets/Art/bg_cloud2.png using Guid(5f965db868259e241ac305dc94fe82f3) Importer(815301076,1909f56bfc062723c751e8b465ee728b)  -> (artifact id: '854a83095b81f8bcfd4db2ac79c6fa01') in 0.048983 seconds
Number of updated asset objects reloaded before import = 0
Number of asset objects unloaded after import = 3
========================================================================
Received Import Request.
  Time since last request: 0.000100 seconds.
  path: Assets/Art/cloud_tileset.png
  artifactKey: Guid(8aeb3b1e44eb0a749aeb12eb2817fbf6) Importer(815301076,1909f56bfc062723c751e8b465ee728b)
Start importing Assets/Art/cloud_tileset.png using Guid(8aeb3b1e44eb0a749aeb12eb2817fbf6) Importer(815301076,1909f56bfc062723c751e8b465ee728b)  -> (artifact id: '4f3578eeea56560c9217f5dcb989ca9f') in 0.041003 seconds
Number of updated asset objects reloaded before import = 0
Number of asset objects unloaded after import = 3
========================================================================
Received Import Request.
  Time since last request: 45.376343 seconds.
  path: Assets/Art/cloud_tileset.png
  artifactKey: Guid(8aeb3b1e44eb0a749aeb12eb2817fbf6) Importer(815301076,1909f56bfc062723c751e8b465ee728b)
Start importing Assets/Art/cloud_tileset.png using Guid(8aeb3b1e44eb0a749aeb12eb2817fbf6) Importer(815301076,1909f56bfc062723c751e8b465ee728b)  -> (artifact id: '76e4df99708c61c4c653536ee6b45b7e') in 0.034096 seconds
Number of updated asset objects reloaded before import = 0
Number of asset objects unloaded after import = 2
========================================================================
Received Import Request.
  Time since last request: 60.954794 seconds.
  path: Assets/Art/cloud_tileset.png
  artifactKey: Guid(8aeb3b1e44eb0a749aeb12eb2817fbf6) Importer(815301076,1909f56bfc062723c751e8b465ee728b)
Start importing Assets/Art/cloud_tileset.png using Guid(8aeb3b1e44eb0a749aeb12eb2817fbf6) Importer(815301076,1909f56bfc062723c751e8b465ee728b)  -> (artifact id: '70704b84912778be7ec5e5991c45a5e2') in 1.762726 seconds
Number of updated asset objects reloaded before import = 0
Number of asset objects unloaded after import = 519
========================================================================
Received Import Request.
  Time since last request: 147.464804 seconds.
  path: Assets/Tiles/Background.prefab
  artifactKey: Guid(35e3791ba0a6a194bbabb6b56c912373) Importer(815301076,1909f56bfc062723c751e8b465ee728b)
Start importing Assets/Tiles/Background.prefab using Guid(35e3791ba0a6a194bbabb6b56c912373) Importer(815301076,1909f56bfc062723c751e8b465ee728b)  -> (artifact id: '984df834eeeaf5976f593c140b0fbb70') in 0.848282 seconds
Number of updated asset objects reloaded before import = 0
Number of asset objects unloaded after import = 12
========================================================================
Received Import Request.
  Time since last request: 56.577897 seconds.
  path: Assets/Tiles/Background.prefab
  artifactKey: Guid(35e3791ba0a6a194bbabb6b56c912373) Importer(815301076,1909f56bfc062723c751e8b465ee728b)
Start importing Assets/Tiles/Background.prefab using Guid(35e3791ba0a6a194bbabb6b56c912373) Importer(815301076,1909f56bfc062723c751e8b465ee728b)  -> (artifact id: '74fb4daeee32660c1910628504bd0860') in 0.740444 seconds
Number of updated asset objects reloaded before import = 0
Number of asset objects unloaded after import = 1046
========================================================================
Received Import Request.
  Time since last request: 0.000057 seconds.
  path: Assets/Tiles/cloud_tileset_39.asset
  artifactKey: Guid(606015f6adf74024fbcfeaeea531430c) Importer(815301076,1909f56bfc062723c751e8b465ee728b)
Start importing Assets/Tiles/cloud_tileset_39.asset using Guid(606015f6adf74024fbcfeaeea531430c) Importer(815301076,1909f56bfc062723c751e8b465ee728b)  -> (artifact id: 'dd1630eadb9167357eb4407d0499579e') in 0.095701 seconds
Number of updated asset objects reloaded before import = 0
Number of asset objects unloaded after import = 3
========================================================================
Received Import Request.
  Time since last request: 0.000049 seconds.
  path: Assets/Tiles/cloud_tileset_30.asset
  artifactKey: Guid(1d50f75e4437adf47bf3278cd9de3816) Importer(815301076,1909f56bfc062723c751e8b465ee728b)
Start importing Assets/Tiles/cloud_tileset_30.asset using Guid(1d50f75e4437adf47bf3278cd9de3816) Importer(815301076,1909f56bfc062723c751e8b465ee728b)  -> (artifact id: '67c6f05d5806c973423c6bfaebea99ea') in 0.022113 seconds
Number of updated asset objects reloaded before import = 0
Number of asset objects unloaded after import = 3
========================================================================
Received Import Request.
  Time since last request: 0.000038 seconds.
  path: Assets/Tiles/cloud_tileset_34.asset
  artifactKey: Guid(ee5c504c5f6df8747a52749cb56b2e43) Importer(815301076,1909f56bfc062723c751e8b465ee728b)
Start importing Assets/Tiles/cloud_tileset_34.asset using Guid(ee5c504c5f6df8747a52749cb56b2e43) Importer(815301076,1909f56bfc062723c751e8b465ee728b)  -> (artifact id: 'e29c64485a905d2611d79ba894ebd99b') in 0.022869 seconds
Number of updated asset objects reloaded before import = 0
Number of asset objects unloaded after import = 3
========================================================================
Received Import Request.
  Time since last request: 0.000042 seconds.
  path: Assets/Tiles/cloud_tileset_46.asset
  artifactKey: Guid(d3de6f803778aa947927252bf44ccd15) Importer(815301076,1909f56bfc062723c751e8b465ee728b)
Start importing Assets/Tiles/cloud_tileset_46.asset using Guid(d3de6f803778aa947927252bf44ccd15) Importer(815301076,1909f56bfc062723c751e8b465ee728b)  -> (artifact id: 'b07acad7338aa7c50a6bdb29a3e0311d') in 0.034085 seconds
Number of updated asset objects reloaded before import = 0
Number of asset objects unloaded after import = 3
========================================================================
Received Import Request.
  Time since last request: 0.000060 seconds.
  path: Assets/Tiles/cloud_tileset_41.asset
  artifactKey: Guid(24d1b0740426e024fb49d9b5397bb2d3) Importer(815301076,1909f56bfc062723c751e8b465ee728b)
Start importing Assets/Tiles/cloud_tileset_41.asset using Guid(24d1b0740426e024fb49d9b5397bb2d3) Importer(815301076,1909f56bfc062723c751e8b465ee728b)  -> (artifact id: '1353e9af91b2df241885005ee98d0690') in 0.042958 seconds
Number of updated asset objects reloaded before import = 0
Number of asset objects unloaded after import = 3
========================================================================
Received Import Request.
  Time since last request: 0.000033 seconds.
  path: Assets/Tiles/cloud_tileset_45.asset
  artifactKey: Guid(7255358aa10f5a048917b29d5676f0c7) Importer(815301076,1909f56bfc062723c751e8b465ee728b)
Start importing Assets/Tiles/cloud_tileset_45.asset using Guid(7255358aa10f5a048917b29d5676f0c7) Importer(815301076,1909f56bfc062723c751e8b465ee728b)  -> (artifact id: '5d4916cc9e1ad9d998a3b5cf43c3888c') in 0.039011 seconds
Number of updated asset objects reloaded before import = 0
Number of asset objects unloaded after import = 3
========================================================================
Received Import Request.
  Time since last request: 0.000034 seconds.
  path: Assets/Tiles/cloud_tileset_6.asset
  artifactKey: Guid(5753f0ff791e805438f003249c587440) Importer(815301076,1909f56bfc062723c751e8b465ee728b)
Start importing Assets/Tiles/cloud_tileset_6.asset using Guid(5753f0ff791e805438f003249c587440) Importer(815301076,1909f56bfc062723c751e8b465ee728b)  -> (artifact id: 'e76afe27673e6e337249265440c8c637') in 0.033608 seconds
Number of updated asset objects reloaded before import = 0
Number of asset objects unloaded after import = 3
========================================================================
Received Import Request.
  Time since last request: 0.000108 seconds.
  path: Assets/Tiles/cloud_tileset_3.asset
  artifactKey: Guid(2d3f46345f8651447ab01b739c5e61d3) Importer(815301076,1909f56bfc062723c751e8b465ee728b)
Start importing Assets/Tiles/cloud_tileset_3.asset using Guid(2d3f46345f8651447ab01b739c5e61d3) Importer(815301076,1909f56bfc062723c751e8b465ee728b)  -> (artifact id: '551cc19b06d1b9b8de4f3948ed69d262') in 0.025462 seconds
Number of updated asset objects reloaded before import = 0
Number of asset objects unloaded after import = 3
========================================================================
Received Import Request.
  Time since last request: 0.000029 seconds.
  path: Assets/Tiles/cloud_tileset_18.asset
  artifactKey: Guid(cdb20c459cf2c604d82b794576e9e4e9) Importer(815301076,1909f56bfc062723c751e8b465ee728b)
Start importing Assets/Tiles/cloud_tileset_18.asset using Guid(cdb20c459cf2c604d82b794576e9e4e9) Importer(815301076,1909f56bfc062723c751e8b465ee728b)  -> (artifact id: 'ea70ff0037e811ac2e75fb3a6b3d75ac') in 0.028917 seconds
Number of updated asset objects reloaded before import = 0
Number of asset objects unloaded after import = 3
========================================================================
Received Import Request.
  Time since last request: 0.000030 seconds.
  path: Assets/Tiles/cloud_tileset_1.asset
  artifactKey: Guid(fd0dc905b265df840bc5100ab8af3c9b) Importer(815301076,1909f56bfc062723c751e8b465ee728b)
Start importing Assets/Tiles/cloud_tileset_1.asset using Guid(fd0dc905b265df840bc5100ab8af3c9b) Importer(815301076,1909f56bfc062723c751e8b465ee728b)  -> (artifact id: '5a1fffe50dd5e0d8d4d7bdb8e6ee0cb1') in 0.032707 seconds
Number of updated asset objects reloaded before import = 0
Number of asset objects unloaded after import = 3
========================================================================
Received Import Request.
  Time since last request: 0.002606 seconds.
  path: Assets/Tiles/cloud_tileset_42.asset
  artifactKey: Guid(127b457a421d6f640bb54d034f6b7e81) Importer(815301076,1909f56bfc062723c751e8b465ee728b)
Start importing Assets/Tiles/cloud_tileset_42.asset using Guid(127b457a421d6f640bb54d034f6b7e81) Importer(815301076,1909f56bfc062723c751e8b465ee728b)  -> (artifact id: '3839014a650187302169db150bc458eb') in 0.035532 seconds
Number of updated asset objects reloaded before import = 0
Number of asset objects unloaded after import = 3
========================================================================
Received Import Request.
  Time since last request: 0.000047 seconds.
  path: Assets/Tiles/cloud_tileset_29.asset
  artifactKey: Guid(7fb6cb2d851431646bbe221bcf40c2f0) Importer(815301076,1909f56bfc062723c751e8b465ee728b)
Start importing Assets/Tiles/cloud_tileset_29.asset using Guid(7fb6cb2d851431646bbe221bcf40c2f0) Importer(815301076,1909f56bfc062723c751e8b465ee728b)  -> (artifact id: '2a23fd194bf9f3b1578f7858b67a3cc2') in 0.023859 seconds
Number of updated asset objects reloaded before import = 0
Number of asset objects unloaded after import = 3
========================================================================
Received Import Request.
  Time since last request: 0.000033 seconds.
  path: Assets/Tiles/cloud_tileset_8.asset
  artifactKey: Guid(d6c43666bc17cf84a9a10562a2f1484d) Importer(815301076,1909f56bfc062723c751e8b465ee728b)
Start importing Assets/Tiles/cloud_tileset_8.asset using Guid(d6c43666bc17cf84a9a10562a2f1484d) Importer(815301076,1909f56bfc062723c751e8b465ee728b)  -> (artifact id: 'f4aaecfd2f494083ee7446f5215650fa') in 0.032550 seconds
Number of updated asset objects reloaded before import = 0
Number of asset objects unloaded after import = 3
========================================================================
Received Import Request.
  Time since last request: 0.000055 seconds.
  path: Assets/Tiles/cloud_tileset_13.asset
  artifactKey: Guid(b049e009d3d4c534690d6ab43cb8e308) Importer(815301076,1909f56bfc062723c751e8b465ee728b)
Start importing Assets/Tiles/cloud_tileset_13.asset using Guid(b049e009d3d4c534690d6ab43cb8e308) Importer(815301076,1909f56bfc062723c751e8b465ee728b)  -> (artifact id: '6422749f140edb2996211f0f3a98514b') in 0.032863 seconds
Number of updated asset objects reloaded before import = 0
Number of asset objects unloaded after import = 3
========================================================================
Received Import Request.
  Time since last request: 0.000031 seconds.
  path: Assets/Tiles/cloud_tileset_23.asset
  artifactKey: Guid(eda488caac72b3143ad5b97b365b41b4) Importer(815301076,1909f56bfc062723c751e8b465ee728b)
Start importing Assets/Tiles/cloud_tileset_23.asset using Guid(eda488caac72b3143ad5b97b365b41b4) Importer(815301076,1909f56bfc062723c751e8b465ee728b)  -> (artifact id: '621fcf4e4541fdb9a65aa546a26ecf9f') in 0.023235 seconds
Number of updated asset objects reloaded before import = 0
Number of asset objects unloaded after import = 3
========================================================================
Received Import Request.
  Time since last request: 0.000037 seconds.
  path: Assets/Tiles/cloud_tileset_27.asset
  artifactKey: Guid(31d9a797185aa05429d3ebe589ff6bfc) Importer(815301076,1909f56bfc062723c751e8b465ee728b)
Start importing Assets/Tiles/cloud_tileset_27.asset using Guid(31d9a797185aa05429d3ebe589ff6bfc) Importer(815301076,1909f56bfc062723c751e8b465ee728b)  -> (artifact id: '6405ad49f59024a525ceab79317eb762') in 0.010698 seconds
Number of updated asset objects reloaded before import = 0
Number of asset objects unloaded after import = 3
========================================================================
Received Import Request.
  Time since last request: 0.000026 seconds.
  path: Assets/Tiles/cloud_tileset_9.asset
  artifactKey: Guid(7196e733ac345524a933e7db9813229c) Importer(815301076,1909f56bfc062723c751e8b465ee728b)
Start importing Assets/Tiles/cloud_tileset_9.asset using Guid(7196e733ac345524a933e7db9813229c) Importer(815301076,1909f56bfc062723c751e8b465ee728b)  -> (artifact id: 'e1bae141456f7668d34a388241d84bb2') in 0.024238 seconds
Number of updated asset objects reloaded before import = 0
Number of asset objects unloaded after import = 3
========================================================================
Received Import Request.
  Time since last request: 0.000046 seconds.
  path: Assets/Tiles/cloud_tileset_11.asset
  artifactKey: Guid(1aebb4b3cb4506a4f87dbfed41c8d444) Importer(815301076,1909f56bfc062723c751e8b465ee728b)
Start importing Assets/Tiles/cloud_tileset_11.asset using Guid(1aebb4b3cb4506a4f87dbfed41c8d444) Importer(815301076,1909f56bfc062723c751e8b465ee728b)  -> (artifact id: '52ce2353efc5f17c1a299bfc773a711e') in 0.019784 seconds
Number of updated asset objects reloaded before import = 0
Number of asset objects unloaded after import = 3
========================================================================
Received Import Request.
  Time since last request: 0.000044 seconds.
  path: Assets/Tiles/cloud_tileset_21.asset
  artifactKey: Guid(0f5252798c3ea4f4fa48e6b35dab3d8f) Importer(815301076,1909f56bfc062723c751e8b465ee728b)
Start importing Assets/Tiles/cloud_tileset_21.asset using Guid(0f5252798c3ea4f4fa48e6b35dab3d8f) Importer(815301076,1909f56bfc062723c751e8b465ee728b)  -> (artifact id: '2f9e4f7a6ee3a0ed205ff8504f3de39d') in 0.032800 seconds
Number of updated asset objects reloaded before import = 0
Number of asset objects unloaded after import = 3
Editor requested this worker to shutdown with reason: Scaling down because of idle timeout
TcpMessagingSession - receive error: operation aborted. errorcode: 995, details: The I/O operation has been aborted because of either a thread exit or an application request.
AssetImportWorker is now disconnected from the server
Process exiting
Exiting without the bug reporter. Application will terminate with return code 0