Using pre-set license
Built from '2022.3/release' branch; Version is '2022.3.18f1 (d29bea25151d) revision 13802474'; Using compiler version '192829333'; Build Type 'Release'
OS: 'Windows 11  (10.0.22621) 64bit Core' Language: 'en' Physical Memory: 7541 MB
BatchMode: 1, IsHumanControllingUs: 0, StartBugReporterOnCrash: 0, Is64bit: 1, IsPro: 1

COMMAND LINE ARGUMENTS:
C:\Program Files\Unity\Hub\Editor\2022.3.18f1\Editor\Unity.exe
-adb2
-batchMode
-noUpm
-name
AssetImportWorker1
-projectPath
C:/Users/david/Documents/csc450-sp24-project-team-9/Instrumon
-logFile
Logs/AssetImportWorker1.log
-srvPort
54662
Successfully changed project path to: C:/Users/david/Documents/csc450-sp24-project-team-9/Instrumon
C:/Users/david/Documents/csc450-sp24-project-team-9/Instrumon
[UnityMemory] Configuration Parameters - Can be set up in boot.config
    "memorysetup-bucket-allocator-granularity=16"
    "memorysetup-bucket-allocator-bucket-count=8"
    "memorysetup-bucket-allocator-block-size=33554432"
    "memorysetup-bucket-allocator-block-count=8"
    "memorysetup-main-allocator-block-size=16777216"
    "memorysetup-thread-allocator-block-size=16777216"
    "memorysetup-gfx-main-allocator-block-size=16777216"
    "memorysetup-gfx-thread-allocator-block-size=16777216"
    "memorysetup-cache-allocator-block-size=4194304"
    "memorysetup-typetree-allocator-block-size=2097152"
    "memorysetup-profiler-bucket-allocator-granularity=16"
    "memorysetup-profiler-bucket-allocator-bucket-count=8"
    "memorysetup-profiler-bucket-allocator-block-size=33554432"
    "memorysetup-profiler-bucket-allocator-block-count=8"
    "memorysetup-profiler-allocator-block-size=16777216"
    "memorysetup-profiler-editor-allocator-block-size=1048576"
    "memorysetup-temp-allocator-size-main=16777216"
    "memorysetup-job-temp-allocator-block-size=2097152"
    "memorysetup-job-temp-allocator-block-size-background=1048576"
    "memorysetup-job-temp-allocator-reduction-small-platforms=262144"
    "memorysetup-allocator-temp-initial-block-size-main=262144"
    "memorysetup-allocator-temp-initial-block-size-worker=262144"
    "memorysetup-temp-allocator-size-background-worker=32768"
    "memorysetup-temp-allocator-size-job-worker=262144"
    "memorysetup-temp-allocator-size-preload-manager=33554432"
    "memorysetup-temp-allocator-size-nav-mesh-worker=65536"
    "memorysetup-temp-allocator-size-audio-worker=65536"
    "memorysetup-temp-allocator-size-cloud-worker=32768"
    "memorysetup-temp-allocator-size-gi-baking-worker=262144"
    "memorysetup-temp-allocator-size-gfx=262144"
Player connection [23548] Host "[IP] 172.20.3.134 [Port] 0 [Flags] 2 [Guid] 3201122281 [EditorId] 3201122281 [Version] 1048832 [Id] WindowsEditor(7,LAPTOP-TKNRD93N) [Debug] 1 [PackageName] WindowsEditor [ProjectName] Editor" joined multi-casting on [225.0.0.222:54997]...

Player connection [23548] Host "[IP] 172.20.3.134 [Port] 0 [Flags] 2 [Guid] 3201122281 [EditorId] 3201122281 [Version] 1048832 [Id] WindowsEditor(7,LAPTOP-TKNRD93N) [Debug] 1 [PackageName] WindowsEditor [ProjectName] Editor" joined alternative multi-casting on [225.0.0.222:34997]...

[Physics::Module] Initialized MultithreadedJobDispatcher with 5 workers.
Refreshing native plugins compatible for Editor in 44.23 ms, found 4 plugins.
Preloading 0 native plugins for Editor in 0.00 ms.
Initialize engine version: 2022.3.18f1 (d29bea25151d)
[Subsystems] Discovering subsystems at path C:/Program Files/Unity/Hub/Editor/2022.3.18f1/Editor/Data/Resources/UnitySubsystems
[Subsystems] Discovering subsystems at path C:/Users/david/Documents/csc450-sp24-project-team-9/Instrumon/Assets
GfxDevice: creating device client; threaded=0; jobified=0
Direct3D:
    Version:  Direct3D 11.0 [level 11.1]
    Renderer: AMD Radeon(TM) Graphics (ID=0x1636)
    Vendor:   ATI
    VRAM:     3770 MB
    Driver:   30.0.14046.0
Initialize mono
Mono path[0] = 'C:/Program Files/Unity/Hub/Editor/2022.3.18f1/Editor/Data/Managed'
Mono path[1] = 'C:/Program Files/Unity/Hub/Editor/2022.3.18f1/Editor/Data/MonoBleedingEdge/lib/mono/unityjit-win32'
Mono config path = 'C:/Program Files/Unity/Hub/Editor/2022.3.18f1/Editor/Data/MonoBleedingEdge/etc'
Using monoOptions --debugger-agent=transport=dt_socket,embedding=1,server=y,suspend=n,address=127.0.0.1:56684
Begin MonoManager ReloadAssembly
Registering precompiled unity dll's ...
Register platform support module: C:/Program Files/Unity/Hub/Editor/2022.3.18f1/Editor/Data/PlaybackEngines/WindowsStandaloneSupport/UnityEditor.WindowsStandalone.Extensions.dll
Registered in 0.014169 seconds.
- Loaded All Assemblies, in  0.629 seconds
Native extension for WindowsStandalone target not found
Mono: successfully reloaded assembly
- Finished resetting the current domain, in  0.808 seconds
Domain Reload Profiling: 1435ms
	BeginReloadAssembly (237ms)
		ExecutionOrderSort (0ms)
		DisableScriptedObjects (0ms)
		BackupInstance (0ms)
		ReleaseScriptingObjects (0ms)
		CreateAndSetChildDomain (2ms)
	RebuildCommonClasses (54ms)
	RebuildNativeTypeToScriptingClass (18ms)
	initialDomainReloadingComplete (99ms)
	LoadAllAssembliesAndSetupDomain (219ms)
		LoadAssemblies (231ms)
		RebuildTransferFunctionScriptingTraits (0ms)
		AnalyzeDomain (214ms)
			TypeCache.Refresh (211ms)
				TypeCache.ScanAssembly (190ms)
			ScanForSourceGeneratedMonoScriptInfo (1ms)
			ResolveRequiredComponents (1ms)
	FinalizeReload (808ms)
		ReleaseScriptCaches (0ms)
		RebuildScriptCaches (0ms)
		SetupLoadedEditorAssemblies (716ms)
			LogAssemblyErrors (0ms)
			InitializePlatformSupportModulesInManaged (15ms)
			SetLoadedEditorAssemblies (13ms)
			RefreshPlugins (0ms)
			BeforeProcessingInitializeOnLoad (5ms)
			ProcessInitializeOnLoadAttributes (523ms)
			ProcessInitializeOnLoadMethodAttributes (159ms)
			AfterProcessingInitializeOnLoad (0ms)
			EditorAssembliesLoaded (0ms)
		ExecutionOrderSort2 (0ms)
		AwakeInstancesAfterBackupRestoration (0ms)
========================================================================
Worker process is ready to serve import requests
Begin MonoManager ReloadAssembly
- Loaded All Assemblies, in  1.618 seconds
Refreshing native plugins compatible for Editor in 9.28 ms, found 4 plugins.
Native extension for WindowsStandalone target not found
Package Manager log level set to [2]
[Package Manager] Server::EnsureServerProcessIsRunning -- launch failed, reason: Unity was launched with the -noUpm command-line argument
[Package Manager] UpmClient::Send -- Unable to send message (not connected to UPM process).
[Package Manager] Cannot connect to Unity Package Manager local server
Mono: successfully reloaded assembly
- Finished resetting the current domain, in  1.127 seconds
Domain Reload Profiling: 2739ms
	BeginReloadAssembly (317ms)
		ExecutionOrderSort (0ms)
		DisableScriptedObjects (10ms)
		BackupInstance (0ms)
		ReleaseScriptingObjects (0ms)
		CreateAndSetChildDomain (47ms)
	RebuildCommonClasses (54ms)
	RebuildNativeTypeToScriptingClass (14ms)
	initialDomainReloadingComplete (69ms)
	LoadAllAssembliesAndSetupDomain (1158ms)
		LoadAssemblies (807ms)
		RebuildTransferFunctionScriptingTraits (0ms)
		AnalyzeDomain (536ms)
			TypeCache.Refresh (478ms)
				TypeCache.ScanAssembly (448ms)
			ScanForSourceGeneratedMonoScriptInfo (42ms)
			ResolveRequiredComponents (14ms)
	FinalizeReload (1127ms)
		ReleaseScriptCaches (0ms)
		RebuildScriptCaches (0ms)
		SetupLoadedEditorAssemblies (837ms)
			LogAssemblyErrors (0ms)
			InitializePlatformSupportModulesInManaged (7ms)
			SetLoadedEditorAssemblies (7ms)
			RefreshPlugins (0ms)
			BeforeProcessingInitializeOnLoad (145ms)
			ProcessInitializeOnLoadAttributes (540ms)
			ProcessInitializeOnLoadMethodAttributes (128ms)
			AfterProcessingInitializeOnLoad (9ms)
			EditorAssembliesLoaded (0ms)
		ExecutionOrderSort2 (0ms)
		AwakeInstancesAfterBackupRestoration (11ms)
Launched and connected shader compiler UnityShaderCompiler.exe after 0.09 seconds
Refreshing native plugins compatible for Editor in 11.60 ms, found 4 plugins.
Preloading 0 native plugins for Editor in 0.00 ms.
Unloading 5656 Unused Serialized files (Serialized files now loaded: 0)
Unloading 85 unused Assets / (352.3 KB). Loaded Objects now: 6115.
Memory consumption went from 220.8 MB to 220.4 MB.
Total: 16.452700 ms (FindLiveObjects: 2.286600 ms CreateObjectMapping: 0.801100 ms MarkObjects: 12.725700 ms  DeleteObjects: 0.637100 ms)

AssetImportParameters requested are different than current active one (requested -> active):
  custom:container-demuxer-ogg: 62fdf1f143b41e24485cea50d1cbac27 -> 
  custom:video-codec-MediaFoundation-h265: 746d11721c4dcdbdad8f713fa42b33f4 -> 
  custom:video-decoder-ogg-theora: a1e56fd34408186e4bbccfd4996cb3dc -> 
  custom:framework-win-MediaFoundation: 216162199b28c13a410421893ffa2e32 -> 
  custom:CustomObjectIndexerAttribute: 62b5816608c3102f162a1797e29626cf -> 
  custom:container-demuxer-webm: 4f35f7cbe854078d1ac9338744f61a02 -> 
  custom:container-muxer-webm: aa71ff27fc2769a1b78a27578f13a17b -> 
  custom:video-decoder-webm-vp8: 9c59270c3fd7afecdb556c50c9e8de78 -> 
  custom:SearchIndexIgnoredProperties: e643bd26f0fe6173181afceb89e7c659 -> 
  custom:AudioImporter_EditorPlatform: d09bf68614088b80899f8185d706f6e7 -> 
  custom:video-encoder-webm-vp8: eb34c28f22e8b96e1ab97ce403110664 -> 
  custom:audio-decoder-ogg-vorbis: bf7c407c2cedff20999df2af8eb42d56 -> 
  custom:audio-encoder-webm-vorbis: bf7c407c2cedff20999df2af8eb42d56 -> 
========================================================================
Received Import Request.
  Time since last request: 92202.133548 seconds.
  path: Assets/UniversalRenderPipelineGlobalSettings.asset
  artifactKey: Guid(93b439a37f63240aca3dd4e01d978a9f) Importer(815301076,1909f56bfc062723c751e8b465ee728b)
Start importing Assets/UniversalRenderPipelineGlobalSettings.asset using Guid(93b439a37f63240aca3dd4e01d978a9f) Importer(815301076,1909f56bfc062723c751e8b465ee728b)  -> (artifact id: 'f1727ddcd5cc9398201a94a248afbe7b') in 0.049856 seconds
Number of updated asset objects reloaded before import = 0
Number of asset objects unloaded after import = 1
========================================================================
Received Import Request.
  Time since last request: 221.247739 seconds.
  path: Assets/Settings/Renderer2D.asset
  artifactKey: Guid(424799608f7334c24bf367e4bbfa7f9a) Importer(815301076,1909f56bfc062723c751e8b465ee728b)
Start importing Assets/Settings/Renderer2D.asset using Guid(424799608f7334c24bf367e4bbfa7f9a) Importer(815301076,1909f56bfc062723c751e8b465ee728b)  -> (artifact id: 'a7ba4dbfe44e737f949502228791fc16') in 0.166693 seconds
Number of updated asset objects reloaded before import = 0
Number of asset objects unloaded after import = 0
========================================================================
Received Import Request.
  Time since last request: 0.000429 seconds.
  path: Assets/Settings/UniversalRP.asset
  artifactKey: Guid(681886c5eb7344803b6206f758bf0b1c) Importer(815301076,1909f56bfc062723c751e8b465ee728b)
Start importing Assets/Settings/UniversalRP.asset using Guid(681886c5eb7344803b6206f758bf0b1c) Importer(815301076,1909f56bfc062723c751e8b465ee728b)  -> (artifact id: '99e717aebe6d9ea3dd491e5e579e4f86') in 0.010966 seconds
Number of updated asset objects reloaded before import = 0
Number of asset objects unloaded after import = 0
========================================================================
Received Import Request.
  Time since last request: 87.377805 seconds.
  path: Assets/Art/bg_cloud1.png
  artifactKey: Guid(5aa84c0350fe59243a2a60356d1667ca) Importer(815301076,1909f56bfc062723c751e8b465ee728b)
Start importing Assets/Art/bg_cloud1.png using Guid(5aa84c0350fe59243a2a60356d1667ca) Importer(815301076,1909f56bfc062723c751e8b465ee728b)  -> (artifact id: 'df51a51c499b51453c4456ef7b24663f') in 1.010179 seconds
Number of updated asset objects reloaded before import = 0
Number of asset objects unloaded after import = 3
========================================================================
Received Import Request.
  Time since last request: 312.328538 seconds.
  path: Assets/Tiles/cloud_tileset_0.asset
  artifactKey: Guid(5c8ae2b38e7a0604fa2a4ee9d3baa9d4) Importer(815301076,1909f56bfc062723c751e8b465ee728b)
Start importing Assets/Tiles/cloud_tileset_0.asset using Guid(5c8ae2b38e7a0604fa2a4ee9d3baa9d4) Importer(815301076,1909f56bfc062723c751e8b465ee728b)  -> (artifact id: '55a785b758730b8626d9d8a8f15496d9') in 0.499769 seconds
Number of updated asset objects reloaded before import = 0
Number of asset objects unloaded after import = 3
========================================================================
Received Import Request.
  Time since last request: 0.000029 seconds.
  path: Assets/Tiles/cloud_tileset_12.asset
  artifactKey: Guid(092c55a93d68f30468526b78f6061dac) Importer(815301076,1909f56bfc062723c751e8b465ee728b)
Start importing Assets/Tiles/cloud_tileset_12.asset using Guid(092c55a93d68f30468526b78f6061dac) Importer(815301076,1909f56bfc062723c751e8b465ee728b)  -> (artifact id: '7ea4a4e12b4eaab6a6805464e3b2016d') in 0.038471 seconds
Number of updated asset objects reloaded before import = 0
Number of asset objects unloaded after import = 3
========================================================================
Received Import Request.
  Time since last request: 0.000046 seconds.
  path: Assets/Tiles/cloud_tileset_14.asset
  artifactKey: Guid(7c322117b8c8fe74381543d247b38df6) Importer(815301076,1909f56bfc062723c751e8b465ee728b)
Start importing Assets/Tiles/cloud_tileset_14.asset using Guid(7c322117b8c8fe74381543d247b38df6) Importer(815301076,1909f56bfc062723c751e8b465ee728b)  -> (artifact id: 'c47dd43396d97c6bfac302829af0e6cb') in 0.026973 seconds
Number of updated asset objects reloaded before import = 0
Number of asset objects unloaded after import = 3
========================================================================
Received Import Request.
  Time since last request: 0.000027 seconds.
  path: Assets/Tiles/cloud_tileset_40.asset
  artifactKey: Guid(2211c4dea63382343a0075712f4eb4ae) Importer(815301076,1909f56bfc062723c751e8b465ee728b)
Start importing Assets/Tiles/cloud_tileset_40.asset using Guid(2211c4dea63382343a0075712f4eb4ae) Importer(815301076,1909f56bfc062723c751e8b465ee728b)  -> (artifact id: '9331af0252b7bdf807cbf2f9922162af') in 0.030182 seconds
Number of updated asset objects reloaded before import = 0
Number of asset objects unloaded after import = 3
========================================================================
Received Import Request.
  Time since last request: 0.000020 seconds.
  path: Assets/Tiles/cloud_tileset_26.asset
  artifactKey: Guid(574d342d502956c49bc12408c3e47cbc) Importer(815301076,1909f56bfc062723c751e8b465ee728b)
Start importing Assets/Tiles/cloud_tileset_26.asset using Guid(574d342d502956c49bc12408c3e47cbc) Importer(815301076,1909f56bfc062723c751e8b465ee728b)  -> (artifact id: 'c4164775b25f8479512fa6ccd6f3329b') in 0.026749 seconds
Number of updated asset objects reloaded before import = 0
Number of asset objects unloaded after import = 3
========================================================================
Received Import Request.
  Time since last request: 0.000027 seconds.
  path: Assets/Tiles/cloud_tileset_16.asset
  artifactKey: Guid(eb89726a665cd874198f4c31064fa8af) Importer(815301076,1909f56bfc062723c751e8b465ee728b)
Start importing Assets/Tiles/cloud_tileset_16.asset using Guid(eb89726a665cd874198f4c31064fa8af) Importer(815301076,1909f56bfc062723c751e8b465ee728b)  -> (artifact id: 'f662f456a9f8356ca49ab36b5109480d') in 0.024257 seconds
Number of updated asset objects reloaded before import = 0
Number of asset objects unloaded after import = 3
========================================================================
Received Import Request.
  Time since last request: 0.000022 seconds.
  path: Assets/Tiles/cloud_tileset_25.asset
  artifactKey: Guid(0a8fbdb5b2ac430429c3b870caf11de5) Importer(815301076,1909f56bfc062723c751e8b465ee728b)
Start importing Assets/Tiles/cloud_tileset_25.asset using Guid(0a8fbdb5b2ac430429c3b870caf11de5) Importer(815301076,1909f56bfc062723c751e8b465ee728b)  -> (artifact id: '13f0ee1a15c9a32f3991229e645a6b22') in 0.021505 seconds
Number of updated asset objects reloaded before import = 0
Number of asset objects unloaded after import = 3
========================================================================
Received Import Request.
  Time since last request: 0.000031 seconds.
  path: Assets/Tiles/cloud_tileset_32.asset
  artifactKey: Guid(d8318722ba0484f42b310affd7e9d8af) Importer(815301076,1909f56bfc062723c751e8b465ee728b)
Start importing Assets/Tiles/cloud_tileset_32.asset using Guid(d8318722ba0484f42b310affd7e9d8af) Importer(815301076,1909f56bfc062723c751e8b465ee728b)  -> (artifact id: 'c0c441ee28a00c392c083357e381aaba') in 0.019359 seconds
Number of updated asset objects reloaded before import = 0
Number of asset objects unloaded after import = 3
========================================================================
Received Import Request.
  Time since last request: 0.000034 seconds.
  path: Assets/Tiles/cloud_tileset_35.asset
  artifactKey: Guid(a1a4bec863127ba41a84881a33ee8a17) Importer(815301076,1909f56bfc062723c751e8b465ee728b)
Start importing Assets/Tiles/cloud_tileset_35.asset using Guid(a1a4bec863127ba41a84881a33ee8a17) Importer(815301076,1909f56bfc062723c751e8b465ee728b)  -> (artifact id: '0693a46dfb86921d2f8e7aaab9540d1a') in 0.022836 seconds
Number of updated asset objects reloaded before import = 0
Number of asset objects unloaded after import = 3
========================================================================
Received Import Request.
  Time since last request: 0.000316 seconds.
  path: Assets/Tiles/cloud_tileset_19.asset
  artifactKey: Guid(58b5aff80a68f74498834b175a83fb91) Importer(815301076,1909f56bfc062723c751e8b465ee728b)
Start importing Assets/Tiles/cloud_tileset_19.asset using Guid(58b5aff80a68f74498834b175a83fb91) Importer(815301076,1909f56bfc062723c751e8b465ee728b)  -> (artifact id: '5189c75e5cdf0f1c00d8dc20c3ad3148') in 0.024096 seconds
Number of updated asset objects reloaded before import = 0
Number of asset objects unloaded after import = 3
========================================================================
Received Import Request.
  Time since last request: 0.000024 seconds.
  path: Assets/Tiles/cloud_tileset_22.asset
  artifactKey: Guid(bbc144940c64b8a4a9b7b3825343fb67) Importer(815301076,1909f56bfc062723c751e8b465ee728b)
Start importing Assets/Tiles/cloud_tileset_22.asset using Guid(bbc144940c64b8a4a9b7b3825343fb67) Importer(815301076,1909f56bfc062723c751e8b465ee728b)  -> (artifact id: 'd60e1596b87639ae22e531e0785e062b') in 0.023395 seconds
Number of updated asset objects reloaded before import = 0
Number of asset objects unloaded after import = 3
========================================================================
Received Import Request.
  Time since last request: 0.000051 seconds.
  path: Assets/Tiles/cloud_tileset_24.asset
  artifactKey: Guid(6c23c6e29fa4c6e48b3138694b6c013d) Importer(815301076,1909f56bfc062723c751e8b465ee728b)
Start importing Assets/Tiles/cloud_tileset_24.asset using Guid(6c23c6e29fa4c6e48b3138694b6c013d) Importer(815301076,1909f56bfc062723c751e8b465ee728b)  -> (artifact id: '3f8f5615a692f4fc2c365ac5cea8f0e7') in 0.042860 seconds
Number of updated asset objects reloaded before import = 0
Number of asset objects unloaded after import = 3
========================================================================
Received Import Request.
  Time since last request: 0.000027 seconds.
  path: Assets/Tiles/cloud_tileset_17.asset
  artifactKey: Guid(3631a25324776ff4a8b79a43efe7af52) Importer(815301076,1909f56bfc062723c751e8b465ee728b)
Start importing Assets/Tiles/cloud_tileset_17.asset using Guid(3631a25324776ff4a8b79a43efe7af52) Importer(815301076,1909f56bfc062723c751e8b465ee728b)  -> (artifact id: '344ea80079644e66eeb8f829215d0bc7') in 0.027428 seconds
Number of updated asset objects reloaded before import = 0
Number of asset objects unloaded after import = 3
========================================================================
Received Import Request.
  Time since last request: 0.000054 seconds.
  path: Assets/Tiles/cloud_tileset_10.asset
  artifactKey: Guid(77c0cefa708f17344badf518dae5233a) Importer(815301076,1909f56bfc062723c751e8b465ee728b)
Start importing Assets/Tiles/cloud_tileset_10.asset using Guid(77c0cefa708f17344badf518dae5233a) Importer(815301076,1909f56bfc062723c751e8b465ee728b)  -> (artifact id: 'b87333f7138618130cde585e225eb8b5') in 0.018423 seconds
Number of updated asset objects reloaded before import = 0
Number of asset objects unloaded after import = 3
========================================================================
Received Import Request.
  Time since last request: 0.000027 seconds.
  path: Assets/Tiles/cloud_tileset_36.asset
  artifactKey: Guid(b9c194f732e105149a7f45c63db97768) Importer(815301076,1909f56bfc062723c751e8b465ee728b)
Start importing Assets/Tiles/cloud_tileset_36.asset using Guid(b9c194f732e105149a7f45c63db97768) Importer(815301076,1909f56bfc062723c751e8b465ee728b)  -> (artifact id: '7954097a30415293888d75bafee694c9') in 0.024810 seconds
Number of updated asset objects reloaded before import = 0
Number of asset objects unloaded after import = 3
========================================================================
Received Import Request.
  Time since last request: 0.000040 seconds.
  path: Assets/Tiles/cloud_tileset_31.asset
  artifactKey: Guid(e71deb16867fbcb42b2284ec56a1ba69) Importer(815301076,1909f56bfc062723c751e8b465ee728b)
Start importing Assets/Tiles/cloud_tileset_31.asset using Guid(e71deb16867fbcb42b2284ec56a1ba69) Importer(815301076,1909f56bfc062723c751e8b465ee728b)  -> (artifact id: '0d64768b73907ddba64df5708d74517a') in 0.039521 seconds
Number of updated asset objects reloaded before import = 0
Number of asset objects unloaded after import = 3
========================================================================
Received Import Request.
  Time since last request: 0.000378 seconds.
  path: Assets/Tiles/cloud_tileset_4.asset
  artifactKey: Guid(9680b639349eac94db3c70c74102becd) Importer(815301076,1909f56bfc062723c751e8b465ee728b)
Start importing Assets/Tiles/cloud_tileset_4.asset using Guid(9680b639349eac94db3c70c74102becd) Importer(815301076,1909f56bfc062723c751e8b465ee728b)  -> (artifact id: '6a5301bcd82d5cc1be227143da6dc99f') in 0.030455 seconds
Number of updated asset objects reloaded before import = 0
Number of asset objects unloaded after import = 3
========================================================================
Received Import Request.
  Time since last request: 0.000064 seconds.
  path: Assets/Tiles/cloud_tileset_37.asset
  artifactKey: Guid(933bffd1656034c40aedc9d1a4422536) Importer(815301076,1909f56bfc062723c751e8b465ee728b)
Start importing Assets/Tiles/cloud_tileset_37.asset using Guid(933bffd1656034c40aedc9d1a4422536) Importer(815301076,1909f56bfc062723c751e8b465ee728b)  -> (artifact id: '42fcda393f2a1e3a2ee4209fbb8b40a5') in 0.024804 seconds
Number of updated asset objects reloaded before import = 0
Number of asset objects unloaded after import = 3
========================================================================
Received Import Request.
  Time since last request: 0.000078 seconds.
  path: Assets/Tiles/cloud_tileset_15.asset
  artifactKey: Guid(378bb5bce11d4574f9650fed21ef562b) Importer(815301076,1909f56bfc062723c751e8b465ee728b)
Start importing Assets/Tiles/cloud_tileset_15.asset using Guid(378bb5bce11d4574f9650fed21ef562b) Importer(815301076,1909f56bfc062723c751e8b465ee728b)  -> (artifact id: 'fd8ba0772a144b12aa85ced2ccdb521b') in 0.032716 seconds
Number of updated asset objects reloaded before import = 0
Number of asset objects unloaded after import = 3
========================================================================
Received Import Request.
  Time since last request: 0.000029 seconds.
  path: Assets/Tiles/cloud_tileset_28.asset
  artifactKey: Guid(247fd453f56ab994eb1f6de62f44e8da) Importer(815301076,1909f56bfc062723c751e8b465ee728b)
Start importing Assets/Tiles/cloud_tileset_28.asset using Guid(247fd453f56ab994eb1f6de62f44e8da) Importer(815301076,1909f56bfc062723c751e8b465ee728b)  -> (artifact id: '253d8dbb7d35a0b451d1d7d5847fde86') in 0.033655 seconds
Number of updated asset objects reloaded before import = 0
Number of asset objects unloaded after import = 3
========================================================================
Received Import Request.
  Time since last request: 0.000025 seconds.
  path: Assets/Tiles/cloud_tileset_20.asset
  artifactKey: Guid(c74b490eec220d54191a18d97a427b6e) Importer(815301076,1909f56bfc062723c751e8b465ee728b)
Start importing Assets/Tiles/cloud_tileset_20.asset using Guid(c74b490eec220d54191a18d97a427b6e) Importer(815301076,1909f56bfc062723c751e8b465ee728b)  -> (artifact id: '8b09ccd53696a12efb4e8eb0b5bb16ce') in 0.028364 seconds
Number of updated asset objects reloaded before import = 0
Number of asset objects unloaded after import = 3
========================================================================
Received Import Request.
  Time since last request: 0.000045 seconds.
  path: Assets/Tiles/cloud_tileset_43.asset
  artifactKey: Guid(474ea7e5639fec64c8d12a897f8f8324) Importer(815301076,1909f56bfc062723c751e8b465ee728b)
Start importing Assets/Tiles/cloud_tileset_43.asset using Guid(474ea7e5639fec64c8d12a897f8f8324) Importer(815301076,1909f56bfc062723c751e8b465ee728b)  -> (artifact id: '323d15943fa92c7249fa9448c17f6cbe') in 0.023145 seconds
Number of updated asset objects reloaded before import = 0
Number of asset objects unloaded after import = 3
========================================================================
Received Import Request.
  Time since last request: 0.000032 seconds.
  path: Assets/Tiles/cloud_tileset_44.asset
  artifactKey: Guid(45ee1c8a65022774cbce14f3ebade336) Importer(815301076,1909f56bfc062723c751e8b465ee728b)
Start importing Assets/Tiles/cloud_tileset_44.asset using Guid(45ee1c8a65022774cbce14f3ebade336) Importer(815301076,1909f56bfc062723c751e8b465ee728b)  -> (artifact id: '6f2ab92ec49489c532c8bde36e2613e6') in 0.038102 seconds
Number of updated asset objects reloaded before import = 0
Number of asset objects unloaded after import = 3
========================================================================
Received Import Request.
  Time since last request: 0.000028 seconds.
  path: Assets/Tiles/cloud_tileset_5.asset
  artifactKey: Guid(41ab0c9e96d4f37498de0e7b1f093667) Importer(815301076,1909f56bfc062723c751e8b465ee728b)
Start importing Assets/Tiles/cloud_tileset_5.asset using Guid(41ab0c9e96d4f37498de0e7b1f093667) Importer(815301076,1909f56bfc062723c751e8b465ee728b)  -> (artifact id: 'a64018b09b9abfa109e40743a3996de5') in 0.023233 seconds
Number of updated asset objects reloaded before import = 0
Number of asset objects unloaded after import = 3
========================================================================
Received Import Request.
  Time since last request: 0.000021 seconds.
  path: Assets/Tiles/cloud_tileset_2.asset
  artifactKey: Guid(8ea5cadc7d3328447b9cf1ad243c36ef) Importer(815301076,1909f56bfc062723c751e8b465ee728b)
Start importing Assets/Tiles/cloud_tileset_2.asset using Guid(8ea5cadc7d3328447b9cf1ad243c36ef) Importer(815301076,1909f56bfc062723c751e8b465ee728b)  -> (artifact id: '94ec272183e819246bcda1b16083548e') in 0.024881 seconds
Number of updated asset objects reloaded before import = 0
Number of asset objects unloaded after import = 3
========================================================================
Received Import Request.
  Time since last request: 0.000029 seconds.
  path: Assets/Tiles/cloud_tileset_33.asset
  artifactKey: Guid(fec581c4f04668d4abbd7f54f974d33a) Importer(815301076,1909f56bfc062723c751e8b465ee728b)
Start importing Assets/Tiles/cloud_tileset_33.asset using Guid(fec581c4f04668d4abbd7f54f974d33a) Importer(815301076,1909f56bfc062723c751e8b465ee728b)  -> (artifact id: '579676c4f1e8c0836e9bdf6db489f104') in 0.038516 seconds
Number of updated asset objects reloaded before import = 0
Number of asset objects unloaded after import = 3
========================================================================
Received Import Request.
  Time since last request: 0.000022 seconds.
  path: Assets/Tiles/cloud_tileset_7.asset
  artifactKey: Guid(be3813d6c9d0ff14a8d4ae8c6b2f45b4) Importer(815301076,1909f56bfc062723c751e8b465ee728b)
Start importing Assets/Tiles/cloud_tileset_7.asset using Guid(be3813d6c9d0ff14a8d4ae8c6b2f45b4) Importer(815301076,1909f56bfc062723c751e8b465ee728b)  -> (artifact id: 'b94e53511bb2332807ad8d2b172fa4e3') in 0.035155 seconds
Number of updated asset objects reloaded before import = 0
Number of asset objects unloaded after import = 3
========================================================================
Received Import Request.
  Time since last request: 0.000054 seconds.
  path: Assets/Tiles/cloud_tileset_38.asset
  artifactKey: Guid(2c5f1729fb6bdc842b088a2d44e73792) Importer(815301076,1909f56bfc062723c751e8b465ee728b)
Start importing Assets/Tiles/cloud_tileset_38.asset using Guid(2c5f1729fb6bdc842b088a2d44e73792) Importer(815301076,1909f56bfc062723c751e8b465ee728b)  -> (artifact id: '40943164e9f10d86f884226f2e4ebdeb') in 0.017336 seconds
Number of updated asset objects reloaded before import = 0
Number of asset objects unloaded after import = 3
Editor requested this worker to shutdown with reason: Scaling down because of idle timeout
TcpMessagingSession - receive error: operation aborted. errorcode: 995, details: The I/O operation has been aborted because of either a thread exit or an application request.
AssetImportWorker is now disconnected from the server
Process exiting
Exiting without the bug reporter. Application will terminate with return code 0